<?xml version="1.0" encoding="UTF-8"?>
<testsuite xmlns:xsi="http://www.w3.org/2001/XMLSchema-instance" xsi:noNamespaceSchemaLocation="https://maven.apache.org/surefire/maven-surefire-plugin/xsd/surefire-test-report-3.0.xsd" version="3.0" name="venkatesh.in.AppTest" time="0.018" tests="1" errors="0" skipped="0" failures="0">
  <properties>
    <property name="sun.desktop" value="windows"/>
    <property name="awt.toolkit" value="sun.awt.windows.WToolkit"/>
    <property name="file.encoding.pkg" value="sun.io"/>
    <property name="java.specification.version" value="1.8"/>
    <property name="sun.cpu.isalist" value="amd64"/>
    <property name="sun.jnu.encoding" value="Cp1252"/>
    <property name="java.class.path" value="C:\maven standloan project\maven-app\target\test-classes;C:\maven standloan project\maven-app\target\classes;C:\Users\venka\.m2\repository\junit\junit\3.8.1\junit-3.8.1.jar;C:\Users\venka\.m2\repository\org\springframework\spring-context\5.2.22.RELEASE\spring-context-5.2.22.RELEASE.jar;C:\Users\venka\.m2\repository\org\springframework\spring-aop\5.2.22.RELEASE\spring-aop-5.2.22.RELEASE.jar;C:\Users\venka\.m2\repository\org\springframework\spring-beans\5.2.22.RELEASE\spring-beans-5.2.22.RELEASE.jar;C:\Users\venka\.m2\repository\org\springframework\spring-core\5.2.22.RELEASE\spring-core-5.2.22.RELEASE.jar;C:\Users\venka\.m2\repository\org\springframework\spring-jcl\5.2.22.RELEASE\spring-jcl-5.2.22.RELEASE.jar;C:\Users\venka\.m2\repository\org\springframework\spring-expression\5.2.22.RELEASE\spring-expression-5.2.22.RELEASE.jar;"/>
    <property name="java.vm.vendor" value="Oracle Corporation"/>
    <property name="sun.arch.data.model" value="64"/>
    <property name="user.variant" value=""/>
    <property name="java.vendor.url" value="http://java.oracle.com/"/>
    <property name="user.timezone" value="Asia/Calcutta"/>
    <property name="java.vm.specification.version" value="1.8"/>
    <property name="os.name" value="Windows 10"/>
    <property name="user.country" value="IN"/>
    <property name="sun.java.launcher" value="SUN_STANDARD"/>
    <property name="sun.boot.library.path" value="C:\Program Files\Java\jdk1.8.0_202\jre\bin"/>
    <property name="sun.java.command" value="C:\Users\venka\AppData\Local\Temp\surefire2470395198258195701\surefirebooter-20230418103646747_3.jar C:\Users\venka\AppData\Local\Temp\surefire2470395198258195701 2023-04-18T10-36-46_241-jvmRun1 surefire-20230418103646747_1tmp surefire_0-20230418103646747_2tmp"/>
    <property name="surefire.test.class.path" value="C:\maven standloan project\maven-app\target\test-classes;C:\maven standloan project\maven-app\target\classes;C:\Users\venka\.m2\repository\junit\junit\3.8.1\junit-3.8.1.jar;C:\Users\venka\.m2\repository\org\springframework\spring-context\5.2.22.RELEASE\spring-context-5.2.22.RELEASE.jar;C:\Users\venka\.m2\repository\org\springframework\spring-aop\5.2.22.RELEASE\spring-aop-5.2.22.RELEASE.jar;C:\Users\venka\.m2\repository\org\springframework\spring-beans\5.2.22.RELEASE\spring-beans-5.2.22.RELEASE.jar;C:\Users\venka\.m2\repository\org\springframework\spring-core\5.2.22.RELEASE\spring-core-5.2.22.RELEASE.jar;C:\Users\venka\.m2\repository\org\springframework\spring-jcl\5.2.22.RELEASE\spring-jcl-5.2.22.RELEASE.jar;C:\Users\venka\.m2\repository\org\springframework\spring-expression\5.2.22.RELEASE\spring-expression-5.2.22.RELEASE.jar;"/>
    <property name="sun.cpu.endian" value="little"/>
    <property name="user.home" value="C:\Users\venka"/>
    <property name="user.language" value="en"/>
    <property name="java.specification.vendor" value="Oracle Corporation"/>
    <property name="java.home" value="C:\Program Files\Java\jdk1.8.0_202\jre"/>
    <property name="basedir" value="C:\maven standloan project\maven-app"/>
    <property name="file.separator" value="\"/>
    <property name="line.separator" value="&#10;"/>
    <property name="java.vm.specification.vendor" value="Oracle Corporation"/>
    <property name="java.specification.name" value="Java Platform API Specification"/>
    <property name="java.awt.graphicsenv" value="sun.awt.Win32GraphicsEnvironment"/>
    <property name="surefire.real.class.path" value="C:\Users\venka\AppData\Local\Temp\surefire2470395198258195701\surefirebooter-20230418103646747_3.jar"/>
    <property name="sun.boot.class.path" value="C:\Program Files\Java\jdk1.8.0_202\jre\lib\resources.jar;C:\Program Files\Java\jdk1.8.0_202\jre\lib\rt.jar;C:\Program Files\Java\jdk1.8.0_202\jre\lib\sunrsasign.jar;C:\Program Files\Java\jdk1.8.0_202\jre\lib\jsse.jar;C:\Program Files\Java\jdk1.8.0_202\jre\lib\jce.jar;C:\Program Files\Java\jdk1.8.0_202\jre\lib\charsets.jar;C:\Program Files\Java\jdk1.8.0_202\jre\lib\jfr.jar;C:\Program Files\Java\jdk1.8.0_202\jre\classes"/>
    <property name="user.script" value=""/>
    <property name="sun.management.compiler" value="HotSpot 64-Bit Tiered Compilers"/>
    <property name="java.runtime.version" value="1.8.0_202-b08"/>
    <property name="user.name" value="venka"/>
    <property name="path.separator" value=";"/>
    <property name="os.version" value="10.0"/>
    <property name="java.endorsed.dirs" value="C:\Program Files\Java\jdk1.8.0_202\jre\lib\endorsed"/>
    <property name="java.runtime.name" value="Java(TM) SE Runtime Environment"/>
    <property name="file.encoding" value="Cp1252"/>
    <property name="java.vm.name" value="Java HotSpot(TM) 64-Bit Server VM"/>
    <property name="localRepository" value="C:\Users\venka\.m2\repository"/>
    <property name="java.vendor.url.bug" value="http://bugreport.sun.com/bugreport/"/>
    <property name="java.io.tmpdir" value="C:\Users\venka\AppData\Local\Temp\"/>
    <property name="java.version" value="1.8.0_202"/>
    <property name="user.dir" value="C:\maven standloan project\maven-app"/>
    <property name="os.arch" value="amd64"/>
    <property name="java.vm.specification.name" value="Java Virtual Machine Specification"/>
    <property name="java.awt.printerjob" value="sun.awt.windows.WPrinterJob"/>
    <property name="sun.os.patch.level" value=""/>
    <property name="java.library.path" value="C:\Program Files\Java\jdk1.8.0_202\jre\bin;C:\WINDOWS\Sun\Java\bin;C:\WINDOWS\system32;C:\WINDOWS;C:\Program Files (x86)\Common Files\Oracle\Java\javapath;C:\WINDOWS\system32;C:\WINDOWS;C:\WINDOWS\System32\Wbem;C:\WINDOWS\System32\WindowsPowerShell\v1.0\;C:\WINDOWS\System32\OpenSSH\;C:\Program Files\Git\cmd;C:\Program Files\PuTTY\;C:\Program Files\Java\jdk1.8.0_202\bin;C:\Program Files\apache-maven-3.9.1\bin;C:\Users\venka\AppData\Local\Microsoft\WindowsApps;;."/>
    <property name="java.vm.info" value="mixed mode"/>
    <property name="java.vendor" value="Oracle Corporation"/>
    <property name="java.vm.version" value="25.202-b08"/>
    <property name="java.ext.dirs" value="C:\Program Files\Java\jdk1.8.0_202\jre\lib\ext;C:\WINDOWS\Sun\Java\lib\ext"/>
    <property name="sun.io.unicode.encoding" value="UnicodeLittle"/>
    <property name="java.class.version" value="52.0"/>
  </properties>
  <testcase name="testApp" classname="venkatesh.in.AppTest" time="0.009"/>
</testsuite>